<?xml version="1.0" encoding="UTF-8"?>
<!-- Generated by org.testng.reporters.JUnitReportReporter -->
<testsuite skipped="0" hostname="ESPLD074" name="crudoperations.Deleteoperation" tests="1" failures="0" timestamp="30 Jul 2019 15:24:04 GMT" time="3.619" errors="0">
  <testcase name="deleteoperation" time="3.619" classname="crudoperations.Deleteoperation"/>
</testsuite> <!-- crudoperations.Deleteoperation -->
