<?xml version="1.0" encoding="UTF-8"?>
<!-- Generated by org.testng.reporters.JUnitReportReporter -->
<testsuite skipped="0" hostname="ESPLD074" name="crudoperations.Postoperation" tests="2" failures="0" timestamp="30 Jul 2019 15:11:39 GMT" time="5.024" errors="0">
  <testcase name="testResponseCode" time="0.986" classname="crudoperations.Postoperation"/>
  <testcase name="postusinghashmap" time="4.038" classname="crudoperations.Postoperation"/>
</testsuite> <!-- crudoperations.Postoperation -->
