<?xml version="1.0" encoding="UTF-8"?>
<!-- Generated by org.testng.reporters.JUnitReportReporter -->
<testsuite skipped="0" hostname="ESPLD074" name="crudoperations.Crudoperationusingpojo" tests="1" failures="0" timestamp="31 Jul 2019 10:59:23 GMT" time="6.488" errors="0">
  <testcase name="testResponseCode" time="6.488" classname="crudoperations.Crudoperationusingpojo"/>
</testsuite> <!-- crudoperations.Crudoperationusingpojo -->
