<?xml version="1.0" encoding="UTF-8"?>
<!-- Generated by org.testng.reporters.JUnitReportReporter -->
<testsuite skipped="0" hostname="ESPLD074" name="crudoperations.Putoperation" tests="2" failures="0" timestamp="30 Jul 2019 15:17:29 GMT" time="4.961" errors="0">
  <testcase name="Putusingjsonbody" time="0.849" classname="crudoperations.Putoperation"/>
  <testcase name="Putusinghashmap" time="4.112" classname="crudoperations.Putoperation"/>
</testsuite> <!-- crudoperations.Putoperation -->
