<?xml version="1.0" encoding="UTF-8"?>
<!-- Generated by org.testng.reporters.JUnitReportReporter -->
<testsuite skipped="0" hostname="ESPLD074" name="crudoperations.Getoperation" tests="1" failures="0" timestamp="30 Jul 2019 14:53:11 GMT" time="4.589" errors="0">
  <testcase name="testResponseCode" time="4.589" classname="crudoperations.Getoperation"/>
</testsuite> <!-- crudoperations.Getoperation -->
